<?xml version="1.0" encoding="UTF-8"?>
<!-- Generated by org.testng.reporters.JUnitReportReporter -->
<testsuite skipped="0" hostname="ChintanP.local" name="com.simform.testcases.LoginTest" tests="1" failures="0" timestamp="20 Jul 2020 05:11:28 GMT" time="7.030" errors="0">
  <testcase name="loginTest" time="7.030" classname="com.simform.testcases.LoginTest"/>
</testsuite> <!-- com.simform.testcases.LoginTest -->
