<?xml version="1.0" encoding="UTF-8"?>
<!-- Generated by org.testng.reporters.JUnitReportReporter -->
<testsuite skipped="0" hostname="ChintanP.local" name="com.simform.testcases.LoginTest" tests="1" failures="0" timestamp="17 Aug 2020 11:55:19 GMT" time="6.924" errors="0">
  <testcase name="loginTest" time="6.924" classname="com.simform.testcases.LoginTest"/>
</testsuite> <!-- com.simform.testcases.LoginTest -->
